<?xml version="1.0" encoding="UTF-8"?>
<!-- Generated by org.testng.reporters.JUnitReportReporter -->
<testsuite skipped="0" hostname="LAPTOP-N8KB70JR" name="com.gmail.test.GmailLogin" tests="1" failures="0" timestamp="05 Jan 2018 01:21:27 GMT" time="11.904" errors="0">
  <testcase name="gmaillogin" time="11.904" classname="com.gmail.test.GmailLogin"/>
</testsuite> <!-- com.gmail.test.GmailLogin -->
