<?xml version="1.0" encoding="UTF-8"?>
<!-- Generated by org.testng.reporters.JUnitReportReporter -->
<testsuite skipped="0" hostname="LAPTOP-N8KB70JR" name="Com.Konakart1.page2Konakart" tests="1" failures="0" timestamp="05 Dec 2017 23:42:39 GMT" time="13.891" errors="0">
  <testcase name="testKonakart" time="13.891" classname="Com.Konakart1.page2Konakart"/>
</testsuite> <!-- Com.Konakart1.page2Konakart -->
