<?xml version="1.0" encoding="UTF-8"?>
<!-- Generated by org.testng.reporters.JUnitReportReporter -->
<testsuite skipped="0" hostname="LAPTOP-N8KB70JR" name="Com.wordpress.Testcases.VerifyValidLogin" tests="1" failures="0" timestamp="03 Dec 2017 01:33:10 GMT" time="10.793" errors="0">
  <testcase name="Verify_Valid_Login" time="10.793" classname="Com.wordpress.Testcases.VerifyValidLogin"/>
</testsuite> <!-- Com.wordpress.Testcases.VerifyValidLogin -->
