<?xml version="1.0" encoding="UTF-8"?>
<!-- Generated by org.testng.reporters.JUnitReportReporter -->
<testsuite skipped="0" hostname="LAPTOP-N8KB70JR" name="Com.Konakart1.KonakartTest" tests="1" failures="0" timestamp="04 Jan 2018 01:23:26 GMT" time="21.290" errors="0">
  <testcase name="konakart_Test" time="21.290" classname="Com.Konakart1.KonakartTest"/>
</testsuite> <!-- Com.Konakart1.KonakartTest -->
