<?xml version="1.0" encoding="UTF-8"?>
<!-- Generated by org.testng.reporters.JUnitReportReporter -->
<testsuite skipped="0" hostname="LAPTOP-N8KB70JR" name="testcases.NewTest" tests="2" failures="0" timestamp="26 Nov 2017 11:17:44 GMT" time="32.885" errors="0">
  <testcase name="searchforaProduct" time="15.557" classname="testcases.NewTest"/>
  <testcase name="Addaproducttoshoppingcart" time="17.328" classname="testcases.NewTest"/>
</testsuite> <!-- testcases.NewTest -->
