<?xml version="1.0" encoding="UTF-8"?>
<!-- Generated by org.testng.reporters.JUnitReportReporter -->
<testsuite skipped="0" hostname="LAPTOP-N8KB70JR" name="Com.demoqa.demoqaTest" tests="1" failures="0" timestamp="13 Dec 2017 22:14:13 GMT" time="45.014" errors="0">
  <testcase name="demoqatest" time="45.014" classname="Com.demoqa.demoqaTest"/>
</testsuite> <!-- Com.demoqa.demoqaTest -->
