<?xml version="1.0" encoding="UTF-8"?>
<!-- Generated by org.testng.reporters.JUnitReportReporter -->
<testsuite skipped="0" hostname="LAPTOP-N8KB70JR" name="Com.konakarFactory.TestKonakartFactory" tests="2" failures="0" timestamp="30 Dec 2017 12:52:27 GMT" time="31.876" errors="0">
  <testcase name="testKonakart2" time="11.138" classname="Com.konakarFactory.TestKonakartFactory"/>
  <testcase name="testKonakart" time="20.738" classname="Com.konakarFactory.TestKonakartFactory"/>
</testsuite> <!-- Com.konakarFactory.TestKonakartFactory -->
