<?xml version="1.0" encoding="UTF-8"?>
<!-- Generated by org.testng.reporters.JUnitReportReporter -->
<testsuite skipped="0" hostname="LAPTOP-N8KB70JR" name="testcases.QADemo" tests="1" failures="0" timestamp="19 Nov 2017 15:16:22 GMT" time="12.034" errors="0">
  <testcase name="QADemotest" time="12.034" classname="testcases.QADemo"/>
</testsuite> <!-- testcases.QADemo -->
