<?xml version="1.0" encoding="UTF-8"?>
<!-- Generated by org.testng.reporters.JUnitReportReporter -->
<testsuite skipped="0" hostname="LAPTOP-N8KB70JR" name="Tests.TestCase" tests="1" failures="0" timestamp="26 Nov 2017 11:41:30 GMT" time="9.679" errors="0">
  <testcase name="searchTest" time="9.679" classname="Tests.TestCase"/>
</testsuite> <!-- Tests.TestCase -->
