<?xml version="1.0" encoding="UTF-8"?>
<!-- Generated by org.testng.reporters.JUnitReportReporter -->
<testsuite skipped="0" hostname="LAPTOP-N8KB70JR" name="konakart.konakartTest" tests="1" failures="0" timestamp="02 Dec 2017 23:24:14 GMT" time="7.766" errors="0">
  <testcase name="Verify_Valid_Login" time="7.766" classname="konakart.konakartTest"/>
</testsuite> <!-- konakart.konakartTest -->
