<?xml version="1.0" encoding="UTF-8"?>
<!-- Generated by org.testng.reporters.JUnitReportReporter -->
<testsuite skipped="0" hostname="LAPTOP-N8KB70JR" name="testcases.ParameterTest" tests="3" failures="0" timestamp="19 Nov 2017 16:56:01 GMT" time="0.016" errors="0">
  <testcase name="showCountryDetails" time="0.016" classname="testcases.ParameterTest"/>
  <testcase name="showCountryDetails" time="0.000" classname="testcases.ParameterTest"/>
  <testcase name="showCountryDetails" time="0.000" classname="testcases.ParameterTest"/>
</testsuite> <!-- testcases.ParameterTest -->
